<?xml version="1.0" encoding="UTF-8"?>
<!-- Generated by org.testng.reporters.JUnitReportReporter -->
<testsuite hostname="EPGETBIW03EC" failures="0" tests="1" name="org.testinterview.tests.CheckVirtualReceptionSmokeTest" time="6.896" errors="0" timestamp="2024-02-27T01:55:59 GET" skipped="0">
  <testcase classname="org.testinterview.tests.CheckVirtualReceptionSmokeTest" name="smokeTest" time="6.896"/>
</testsuite> <!-- org.testinterview.tests.CheckVirtualReceptionSmokeTest -->
