<?xml version="1.0" encoding="UTF-8"?>
<!-- Generated by org.testng.reporters.JUnitReportReporter -->
<testsuite hostname="EPGETBIW03EC" failures="0" tests="1" name="org.testinterview.tests.CheckVirtualReceptionSmokeTest" time="9.340" errors="0" timestamp="23 Feb 2024 19:43:52 GMT">
  <testcase classname="org.testinterview.tests.CheckVirtualReceptionSmokeTest" name="smokeTest" time="9.340"/>
</testsuite> <!-- org.testinterview.tests.CheckVirtualReceptionSmokeTest -->
