<?xml version="1.0" encoding="UTF-8"?>
<!-- Generated by org.testng.reporters.JUnitReportReporter -->
<testsuite hostname="EPGETBIW03EC" failures="0" tests="1" name="org.testinterview.tests.CheckVirtualReceptionSmokeTest" time="10.328" errors="0" timestamp="23 Feb 2024 13:32:31 GMT">
  <testcase classname="org.testinterview.tests.CheckVirtualReceptionSmokeTest" name="setFullName" time="10.328"/>
</testsuite> <!-- org.testinterview.tests.CheckVirtualReceptionSmokeTest -->
