<?xml version="1.0" encoding="UTF-8"?>
<!-- Generated by org.testng.reporters.JUnitReportReporter -->
<testsuite hostname="EPGETBIW03EC" failures="0" tests="1" name="org.testinterview.tests.CheckVirtualReceptionSmokeTest" time="0.000" errors="1" timestamp="23 Feb 2024 15:13:59 GMT">
  <testcase classname="org.testinterview.tests.CheckVirtualReceptionSmokeTest" name="smokeTest" time="0.000">
    <error message="Can&#039;t invoke method public java.lang.Object[][] org.testinterview.dataproviders.SmokeTestsDataProvider.smokeDataProvider() on this instance of class org.testinterview.tests.CheckVirtualReceptionSmokeTest due to class mismatch" type="java.lang.RuntimeException">
      <![CDATA[java.lang.RuntimeException: Can't invoke method public java.lang.Object[][] org.testinterview.dataproviders.SmokeTestsDataProvider.smokeDataProvider() on this instance of class org.testinterview.tests.CheckVirtualReceptionSmokeTest due to class mismatch
	at org.testng.internal.MethodInvocationHelper.invokeMethod(MethodInvocationHelper.java:75)
	at org.testng.internal.MethodInvocationHelper.invokeDataProvider(MethodInvocationHelper.java:137)
	at org.testng.internal.Parameters.handleParameters(Parameters.java:430)
	at org.testng.internal.Invoker.handleParameters(Invoker.java:1274)
	at org.testng.internal.Invoker.createParameters(Invoker.java:989)
	at org.testng.internal.Invoker.invokeTestMethods(Invoker.java:1079)
	at org.testng.internal.TestMethodWorker.invokeTestMethods(TestMethodWorker.java:129)
	at org.testng.internal.TestMethodWorker.run(TestMethodWorker.java:112)
	at org.testng.TestRunner.privateRun(TestRunner.java:782)
	at org.testng.TestRunner.run(TestRunner.java:632)
	at org.testng.SuiteRunner.runTest(SuiteRunner.java:366)
	at org.testng.SuiteRunner.runSequentially(SuiteRunner.java:361)
	at org.testng.SuiteRunner.privateRun(SuiteRunner.java:319)
	at org.testng.SuiteRunner.run(SuiteRunner.java:268)
	at org.testng.SuiteRunnerWorker.runSuite(SuiteRunnerWorker.java:52)
	at org.testng.SuiteRunnerWorker.run(SuiteRunnerWorker.java:86)
	at org.testng.TestNG.runSuitesSequentially(TestNG.java:1244)
	at org.testng.TestNG.runSuitesLocally(TestNG.java:1169)
	at org.testng.TestNG.run(TestNG.java:1064)
	at org.testinterview.runner.Runner.run(Runner.java:46)
	at org.testinterview.runner.Runner.main(Runner.java:23)
]]>
    </error>
  </testcase> <!-- smokeTest -->
</testsuite> <!-- org.testinterview.tests.CheckVirtualReceptionSmokeTest -->
